<?xml version="1.0" encoding="UTF-8"?>
<!-- Generated by org.testng.reporters.JUnitReportReporter -->
<testsuite hostname="DESKTOP-0CVMHUT" failures="0" tests="1" name="TestRunner.testRunnerCart" time="12.021" errors="0" timestamp="2022-04-14T10:44:16 PDT" skipped="0">
  <testcase classname="TestRunner.testRunnerCart" name="runScenario" time="12.021"/>
  <system-out/>
</testsuite> <!-- TestRunner.testRunnerCart -->
